  fix_keyword.cpp
C:\cra_git\cra_250522\mission2\mission2\fix_keyword.cpp(1,1): warning C4819: 현재 코드 페이지(949)에서 표시할 수 없는 문자가 파일에 들어 있습니다. 데이터가 손실되지 않게 하려면 해당 파일을 유니코드 형식으로 저장하십시오.
C:\cra_git\cra_250522\mission2\mission2\fix_keyword.cpp(36,48): warning C4267: '=': 'size_t'에서 '_Ty'(으)로 변환하면서 데이터가 손실될 수 있습니다.
C:\cra_git\cra_250522\mission2\mission2\fix_keyword.cpp(36,48): warning C4267:         with
C:\cra_git\cra_250522\mission2\mission2\fix_keyword.cpp(36,48): warning C4267:         [
C:\cra_git\cra_250522\mission2\mission2\fix_keyword.cpp(36,48): warning C4267:             _Ty=int
C:\cra_git\cra_250522\mission2\mission2\fix_keyword.cpp(36,48): warning C4267:         ]
C:\cra_git\cra_250522\mission2\mission2\fix_keyword.cpp(37,48): warning C4267: '=': 'size_t'에서 '_Ty'(으)로 변환하면서 데이터가 손실될 수 있습니다.
C:\cra_git\cra_250522\mission2\mission2\fix_keyword.cpp(37,48): warning C4267:         with
C:\cra_git\cra_250522\mission2\mission2\fix_keyword.cpp(37,48): warning C4267:         [
C:\cra_git\cra_250522\mission2\mission2\fix_keyword.cpp(37,48): warning C4267:             _Ty=int
C:\cra_git\cra_250522\mission2\mission2\fix_keyword.cpp(37,48): warning C4267:         ]
C:\cra_git\cra_250522\mission2\mission2\fix_keyword.cpp(56,14): warning C4267: '초기화 중': 'size_t'에서 'int'(으)로 변환하면서 데이터가 손실될 수 있습니다.
C:\cra_git\cra_250522\mission2\mission2\fix_keyword.cpp(128,22): warning C4244: '=': 'double'에서 '__int64'(으)로 변환하면서 데이터가 손실될 수 있습니다.
C:\cra_git\cra_250522\mission2\mission2\fix_keyword.cpp(129,30): warning C4244: '+=': 'double'에서 'int'(으)로 변환하면서 데이터가 손실될 수 있습니다.
C:\cra_git\cra_250522\mission2\mission2\fix_keyword.cpp(137,22): warning C4244: '=': 'double'에서 '__int64'(으)로 변환하면서 데이터가 손실될 수 있습니다.
C:\cra_git\cra_250522\mission2\mission2\fix_keyword.cpp(138,30): warning C4244: '+=': 'double'에서 'int'(으)로 변환하면서 데이터가 손실될 수 있습니다.
C:\cra_git\cra_250522\mission2\mission2\fix_keyword.cpp(148,25): warning C4244: '인수': '__int64'에서 'const int'(으)로 변환하면서 데이터가 손실될 수 있습니다.
C:\cra_git\cra_250522\mission2\mission2\fix_keyword.cpp(148,19): warning C4244: '인수': '__int64'에서 'const int'(으)로 변환하면서 데이터가 손실될 수 있습니다.
  test_main.cpp
  코드를 생성하고 있습니다...
  mission2.vcxproj -> C:\cra_git\cra_250522\mission2\x64\Debug\mission2.exe
